[00:11:58] [[32minfo[39m] [Appointment booked successfully]
[00:12:46] [[32minfo[39m] [User logged in successfully]
[00:12:46] [[32minfo[39m] [List of doctors fetched successfully]
[00:12:49] [[32minfo[39m] [List of doctors fetched successfully]
[00:12:50] [[32minfo[39m] [User authentication successful]
[00:12:50] [[32minfo[39m] [User authentication successful]
[00:12:50] [[32minfo[39m] [List of doctors fetched successfully]
[00:12:50] [[32minfo[39m] [List of doctors fetched successfully]
[00:12:50] [[32minfo[39m] [List of doctors fetched successfully]
[00:13:02] [[32minfo[39m] [Appointment booked successfully]
[00:13:10] [[32minfo[39m] [User appointments fetched successfully]
[00:13:10] [[32minfo[39m] [User appointments fetched successfully]
[00:13:48] [[32minfo[39m] [User registered successfully]
[00:13:57] [[32minfo[39m] [User logged in successfully]
[00:13:57] [[32minfo[39m] [List of doctors fetched successfully]
[00:14:00] [[32minfo[39m] [List of doctors fetched successfully]
[00:14:00] [[32minfo[39m] [User authentication successful]
[00:14:00] [[32minfo[39m] [User authentication successful]
[00:14:00] [[32minfo[39m] [List of doctors fetched successfully]
[00:14:00] [[32minfo[39m] [List of doctors fetched successfully]
[00:14:01] [[32minfo[39m] [List of doctors fetched successfully]
[00:15:39] [[32minfo[39m] [List of doctors fetched successfully]
[00:15:39] [[32minfo[39m] [List of doctors fetched successfully]
[00:15:40] [[32minfo[39m] [Single doctor info fetched successfully]
[00:15:40] [[32minfo[39m] [Single doctor info fetched successfully]
[00:15:52] [[32minfo[39m] [Appointment booked successfully]
[00:15:52] [[32minfo[39m] [Single doctor info fetched successfully]
[00:15:52] [[32minfo[39m] [Single doctor info fetched successfully]
[00:16:33] [[32minfo[39m] [Single doctor info fetched successfully]
[00:16:33] [[32minfo[39m] [Single doctor info fetched successfully]
[00:16:34] [[32minfo[39m] [List of doctors fetched successfully]
[00:16:34] [[32minfo[39m] [List of doctors fetched successfully]
[00:16:35] [[32minfo[39m] [Single doctor info fetched successfully]
[00:16:35] [[32minfo[39m] [Single doctor info fetched successfully]
[00:16:44] [[32minfo[39m] [Single doctor info fetched successfully]
[00:16:44] [[32minfo[39m] [Single doctor info fetched successfully]
[00:16:48] [[32minfo[39m] [Single doctor info fetched successfully]
[00:16:48] [[32minfo[39m] [Single doctor info fetched successfully]
[00:18:00] [[32minfo[39m] [User logged in successfully]
[00:18:00] [[32minfo[39m] [User authentication successful]
[00:18:00] [[32minfo[39m] [List of doctors fetched successfully]
[00:18:00] [[32minfo[39m] [User authentication successful]
[00:18:01] [[32minfo[39m] [List of doctors fetched successfully]
[00:18:01] [[32minfo[39m] [User authentication successful]
[00:18:01] [[32minfo[39m] [User authentication successful]
[00:18:01] [[32minfo[39m] [List of doctors fetched successfully]
[00:18:01] [[32minfo[39m] [List of doctors fetched successfully]
[00:18:01] [[32minfo[39m] [List of doctors fetched successfully]
[00:18:12] [[32minfo[39m] [Doctor appointments fetched successfully]
[00:18:13] [[32minfo[39m] [Doctor appointments fetched successfully]
[00:18:19] [[32minfo[39m] [Appointment status updated successfully]
[00:18:19] [[32minfo[39m] [Doctor appointments fetched successfully]
[00:18:21] [[32minfo[39m] [Appointment status updated successfully]
[00:18:21] [[32minfo[39m] [Doctor appointments fetched successfully]
[00:18:22] [[32minfo[39m] [Appointment status updated successfully]
[00:18:23] [[32minfo[39m] [Doctor appointments fetched successfully]
[00:19:00] [[32minfo[39m] [Doctor data fetched successfully]
[00:19:00] [[32minfo[39m] [Doctor data fetched successfully]
[00:19:12] [[32minfo[39m] [Doctor profile updated successfully]
[00:19:12] [[32minfo[39m] [Doctor data fetched successfully]
[00:19:13] [[32minfo[39m] [Doctor data fetched successfully]
[00:19:13] [[32minfo[39m] [List of doctors fetched successfully]
[00:19:13] [[32minfo[39m] [List of doctors fetched successfully]
[00:19:43] [[32minfo[39m] [Single doctor info fetched successfully]
[00:19:43] [[32minfo[39m] [Single doctor info fetched successfully]
[00:19:52] [[32minfo[39m] [Appointment booked successfully]
[00:19:52] [[32minfo[39m] [Single doctor info fetched successfully]
[00:19:52] [[32minfo[39m] [Single doctor info fetched successfully]
[00:19:54] [[32minfo[39m] [Doctor data fetched successfully]
[00:19:54] [[32minfo[39m] [Doctor data fetched successfully]
[00:20:00] [[32minfo[39m] [Doctor profile updated successfully]
[00:20:01] [[32minfo[39m] [Doctor data fetched successfully]
[00:20:01] [[32minfo[39m] [Doctor data fetched successfully]
[00:20:01] [[32minfo[39m] [List of doctors fetched successfully]
[00:20:01] [[32minfo[39m] [List of doctors fetched successfully]
[00:22:20] [[32minfo[39m] [Single doctor info fetched successfully]
[00:22:20] [[32minfo[39m] [Single doctor info fetched successfully]
[00:22:28] [[32minfo[39m] [Appointment booked successfully]
[00:22:29] [[32minfo[39m] [Single doctor info fetched successfully]
[00:22:29] [[32minfo[39m] [Single doctor info fetched successfully]
[00:22:38] [[32minfo[39m] [Appointment booked successfully]
[00:22:38] [[32minfo[39m] [Single doctor info fetched successfully]
[00:22:38] [[32minfo[39m] [Single doctor info fetched successfully]
[00:23:06] [[32minfo[39m] [User registered successfully]
[00:29:59] [[32minfo[39m] [User registered successfully]
[00:42:58] [[32minfo[39m] [User logged in successfully]
[00:42:58] [[32minfo[39m] [List of doctors fetched successfully]
[00:42:59] [[32minfo[39m] [List of doctors fetched successfully]
[00:42:59] [[32minfo[39m] [User authentication successful]
[00:43:00] [[32minfo[39m] [User authentication successful]
[00:43:00] [[32minfo[39m] [List of doctors fetched successfully]
[00:43:00] [[32minfo[39m] [List of doctors fetched successfully]
[00:43:00] [[32minfo[39m] [List of doctors fetched successfully]
[00:43:06] [[32minfo[39m] [Doctor appointments fetched successfully]
[00:43:07] [[32minfo[39m] [Doctor appointments fetched successfully]
[00:48:47] [[32minfo[39m] [User logged in successfully]
[00:48:47] [[32minfo[39m] [List of doctors fetched successfully]
[00:48:50] [[32minfo[39m] [User authentication successful]
[00:48:50] [[32minfo[39m] [List of doctors fetched successfully]
[00:48:50] [[32minfo[39m] [User authentication successful]
[00:48:50] [[32minfo[39m] [List of doctors fetched successfully]
[00:48:51] [[32minfo[39m] [List of doctors fetched successfully]
[00:48:51] [[32minfo[39m] [List of doctors fetched successfully]
[00:48:54] [[32minfo[39m] [Single doctor info fetched successfully]
[00:48:54] [[32minfo[39m] [Single doctor info fetched successfully]
[00:49:23] [[32minfo[39m] [List of doctors fetched successfully]
[00:49:23] [[32minfo[39m] [List of doctors fetched successfully]
[00:49:32] [[32minfo[39m] [All notifications marked as read]
[00:49:36] [[32minfo[39m] [List of doctors fetched successfully]
[00:49:37] [[32minfo[39m] [List of doctors fetched successfully]
[00:49:39] [[32minfo[39m] [List of doctors fetched successfully]
[00:49:40] [[32minfo[39m] [User authentication successful]
[00:49:40] [[32minfo[39m] [User authentication successful]
[00:49:40] [[32minfo[39m] [List of doctors fetched successfully]
[00:49:41] [[32minfo[39m] [List of doctors fetched successfully]
[00:49:41] [[32minfo[39m] [List of doctors fetched successfully]
[00:49:44] [[32minfo[39m] [Single doctor info fetched successfully]
[00:49:44] [[32minfo[39m] [Single doctor info fetched successfully]
[00:49:47] [[32minfo[39m] [Doctor appointments fetched successfully]
[00:49:47] [[32minfo[39m] [Doctor appointments fetched successfully]
[00:53:36] [[32minfo[39m] [User not found]
[00:54:00] [[32minfo[39m] [Invalid Email or Password]
[00:54:11] [[32minfo[39m] [Invalid Email or Password]
[00:55:14] [[32minfo[39m] [User logged in successfully]
[00:55:14] [[32minfo[39m] [List of doctors fetched successfully]
[00:55:16] [[32minfo[39m] [List of doctors fetched successfully]
[00:55:16] [[32minfo[39m] [User authentication successful]
[00:55:16] [[32minfo[39m] [User authentication successful]
[00:55:17] [[32minfo[39m] [List of doctors fetched successfully]
[00:55:17] [[32minfo[39m] [List of doctors fetched successfully]
[00:55:17] [[32minfo[39m] [List of doctors fetched successfully]
[00:55:20] [[32minfo[39m] [Single doctor info fetched successfully]
[00:55:20] [[32minfo[39m] [Single doctor info fetched successfully]
[00:55:22] [[32minfo[39m] [List of doctors fetched successfully]
[00:55:22] [[32minfo[39m] [List of doctors fetched successfully]
[00:55:23] [[32minfo[39m] [Single doctor info fetched successfully]
[00:55:23] [[32minfo[39m] [Single doctor info fetched successfully]
[00:55:32] [[32minfo[39m] [Appointment booked successfully]
[00:55:32] [[32minfo[39m] [Single doctor info fetched successfully]
[00:55:32] [[32minfo[39m] [Single doctor info fetched successfully]
[00:56:00] [[32minfo[39m] [User logged in successfully]
[00:56:00] [[32minfo[39m] [List of doctors fetched successfully]
[00:56:01] [[32minfo[39m] [List of doctors fetched successfully]
[00:56:01] [[32minfo[39m] [User authentication successful]
[00:56:02] [[32minfo[39m] [User authentication successful]
[00:56:02] [[32minfo[39m] [List of doctors fetched successfully]
[00:56:02] [[32minfo[39m] [List of doctors fetched successfully]
[00:56:02] [[32minfo[39m] [List of doctors fetched successfully]
[00:56:06] [[32minfo[39m] [Doctor appointments fetched successfully]
[00:56:06] [[32minfo[39m] [Doctor appointments fetched successfully]
[00:56:20] [[32minfo[39m] [Appointment status updated successfully]
[00:56:20] [[32minfo[39m] [Doctor appointments fetched successfully]
[00:56:33] [[32minfo[39m] [List of doctors fetched successfully]
[00:56:33] [[32minfo[39m] [List of doctors fetched successfully]
[00:56:48] [[32minfo[39m] [User logged in successfully]
[00:56:48] [[32minfo[39m] [List of doctors fetched successfully]
[00:56:49] [[32minfo[39m] [List of doctors fetched successfully]
[00:56:49] [[32minfo[39m] [User authentication successful]
[00:56:50] [[32minfo[39m] [User authentication successful]
[00:56:50] [[32minfo[39m] [List of doctors fetched successfully]
[00:56:50] [[32minfo[39m] [List of doctors fetched successfully]
[00:56:50] [[32minfo[39m] [List of doctors fetched successfully]
[00:56:52] [[32minfo[39m] [User appointments fetched successfully]
[00:56:52] [[32minfo[39m] [User appointments fetched successfully]
[00:57:14] [[32minfo[39m] [User appointments fetched successfully]
[00:57:14] [[32minfo[39m] [User appointments fetched successfully]
[00:57:57] [[32minfo[39m] [Doctor application submitted successfully]
[00:57:58] [[32minfo[39m] [List of doctors fetched successfully]
[00:57:58] [[32minfo[39m] [List of doctors fetched successfully]
[00:58:07] [[32minfo[39m] [Single doctor info fetched successfully]
[00:58:07] [[32minfo[39m] [Single doctor info fetched successfully]
[00:58:16] [[32minfo[39m] [Appointment booked successfully]
[00:58:17] [[32minfo[39m] [Single doctor info fetched successfully]
[00:58:17] [[32minfo[39m] [Single doctor info fetched successfully]
[00:58:26] [[32minfo[39m] [User logged in successfully]
[00:58:26] [[32minfo[39m] [List of doctors fetched successfully]
[00:58:29] [[32minfo[39m] [List of doctors fetched successfully]
[00:58:29] [[32minfo[39m] [User authentication successful]
[00:58:29] [[32minfo[39m] [User authentication successful]
[00:58:29] [[32minfo[39m] [List of doctors fetched successfully]
[00:58:29] [[32minfo[39m] [List of doctors fetched successfully]
[00:58:30] [[32minfo[39m] [List of doctors fetched successfully]
[00:58:35] [[32minfo[39m] [Doctor appointments fetched successfully]
[00:58:35] [[32minfo[39m] [Doctor appointments fetched successfully]
[00:58:52] [[32minfo[39m] [Doctor appointments fetched successfully]
[00:58:53] [[32minfo[39m] [User authentication successful]
[00:58:53] [[32minfo[39m] [User authentication successful]
[00:58:53] [[32minfo[39m] [Doctor appointments fetched successfully]
[00:58:53] [[32minfo[39m] [Doctor appointments fetched successfully]
[00:58:53] [[32minfo[39m] [Doctor appointments fetched successfully]
[00:59:15] [[32minfo[39m] [Doctor appointments fetched successfully]
[00:59:15] [[32minfo[39m] [Doctor appointments fetched successfully]
[01:00:22] [[32minfo[39m] [User not found]
[01:00:38] [[32minfo[39m] [User registered successfully]
[01:00:46] [[32minfo[39m] [User logged in successfully]
[01:00:48] [[32minfo[39m] [List of doctors fetched successfully]
[01:00:48] [[32minfo[39m] [User authentication successful]
[01:00:48] [[32minfo[39m] [User authentication successful]
[01:00:48] [[32minfo[39m] [List of doctors fetched successfully]
[01:00:48] [[32minfo[39m] [List of doctors fetched successfully]
[01:00:48] [[32minfo[39m] [List of doctors fetched successfully]
[01:01:21] [[32minfo[39m] [Doctor application submitted successfully]
[01:01:21] [[32minfo[39m] [List of doctors fetched successfully]
[01:01:22] [[32minfo[39m] [List of doctors fetched successfully]
[01:01:32] [[32minfo[39m] [User logged in successfully]
[01:01:32] [[32minfo[39m] [List of doctors fetched successfully]
[01:01:33] [[32minfo[39m] [List of doctors fetched successfully]
[01:01:33] [[32minfo[39m] [User authentication successful]
[01:01:34] [[32minfo[39m] [User authentication successful]
[01:01:34] [[32minfo[39m] [List of doctors fetched successfully]
[01:01:35] [[32minfo[39m] [List of doctors fetched successfully]
[01:01:35] [[32minfo[39m] [List of doctors fetched successfully]
[01:01:38] [[32minfo[39m] [Users data list fetched successfully]
[01:01:38] [[32minfo[39m] [Users data list fetched successfully]
[01:01:43] [[32minfo[39m] [Doctors data list fetched successfully]
[01:01:43] [[32minfo[39m] [Doctors data list fetched successfully]
[01:01:46] [[32minfo[39m] [Error in changeAccountStatusController: Cannot read properties of undefined (reading 'push')]
[01:01:51] [[32minfo[39m] [Error in changeAccountStatusController: Cannot read properties of undefined (reading 'push')]
[01:01:53] [[32minfo[39m] [Error in changeAccountStatusController: Cannot read properties of undefined (reading 'push')]
[01:01:53] [[32minfo[39m] [Error in changeAccountStatusController: Cannot read properties of undefined (reading 'push')]
[01:01:53] [[32minfo[39m] [Error in changeAccountStatusController: Cannot read properties of undefined (reading 'push')]
[01:02:15] [[32minfo[39m] [Users data list fetched successfully]
[01:02:16] [[32minfo[39m] [Users data list fetched successfully]
[01:02:20] [[32minfo[39m] [Doctors data list fetched successfully]
[01:02:20] [[32minfo[39m] [Doctors data list fetched successfully]
[01:02:22] [[32minfo[39m] [Error in changeAccountStatusController: Cannot read properties of undefined (reading 'push')]
[01:06:22] [[32minfo[39m] [User authentication successful]
[01:06:22] [[32minfo[39m] [User authentication successful]
[01:06:28] [[32minfo[39m] [User authentication successful]
[01:06:28] [[32minfo[39m] [User authentication successful]
[01:10:37] [[32minfo[39m] [Retrieved all doctors successfully.]
[01:10:37] [[32minfo[39m] [User authentication successful]
[01:10:37] [[32minfo[39m] [User authentication successful]
[01:10:37] [[32minfo[39m] [Retrieved all doctors successfully.]
[01:10:38] [[32minfo[39m] [Retrieved all doctors successfully.]
[01:10:38] [[32minfo[39m] [Retrieved all doctors successfully.]
[01:10:46] [[32minfo[39m] [Retrieved all users successfully.]
[01:10:47] [[32minfo[39m] [Retrieved all users successfully.]
[01:10:56] [[32minfo[39m] [Retrieved all doctors successfully.]
[01:10:56] [[32minfo[39m] [Retrieved all doctors successfully.]
[01:10:59] [[32minfo[39m] [Account status updated successfully.]
[01:11:01] [[32minfo[39m] [Retrieved all doctors successfully.]
[01:11:01] [[32minfo[39m] [User authentication successful]
[01:11:01] [[32minfo[39m] [User authentication successful]
[01:11:01] [[32minfo[39m] [Retrieved all doctors successfully.]
[01:11:01] [[32minfo[39m] [Retrieved all doctors successfully.]
[01:11:01] [[32minfo[39m] [Retrieved all doctors successfully.]
[01:11:14] [[32minfo[39m] [User logged in successfully]
[01:11:15] [[32minfo[39m] [List of doctors fetched successfully]
[01:11:16] [[32minfo[39m] [List of doctors fetched successfully]
[01:11:16] [[32minfo[39m] [User authentication successful]
[01:11:16] [[32minfo[39m] [User authentication successful]
[01:11:16] [[32minfo[39m] [List of doctors fetched successfully]
[01:11:16] [[32minfo[39m] [List of doctors fetched successfully]
[01:11:17] [[32minfo[39m] [List of doctors fetched successfully]
[01:11:42] [[32minfo[39m] [User logged in successfully]
[01:11:42] [[32minfo[39m] [List of doctors fetched successfully]
[01:11:43] [[32minfo[39m] [List of doctors fetched successfully]
[01:11:43] [[32minfo[39m] [User authentication successful]
[01:11:43] [[32minfo[39m] [User authentication successful]
[01:11:43] [[32minfo[39m] [List of doctors fetched successfully]
[01:11:44] [[32minfo[39m] [List of doctors fetched successfully]
[01:11:44] [[32minfo[39m] [List of doctors fetched successfully]
[01:11:47] [[32minfo[39m] [Single doctor info fetched successfully]
[01:11:47] [[32minfo[39m] [Single doctor info fetched successfully]
[01:11:50] [[32minfo[39m] [Doctor appointments fetched successfully]
[01:11:50] [[32minfo[39m] [Doctor appointments fetched successfully]
[01:11:52] [[32minfo[39m] [List of doctors fetched successfully]
[01:11:52] [[32minfo[39m] [List of doctors fetched successfully]
[01:11:57] [[32minfo[39m] [Single doctor info fetched successfully]
[01:11:58] [[32minfo[39m] [Single doctor info fetched successfully]
[01:12:06] [[32minfo[39m] [Appointment booked successfully]
[01:12:06] [[32minfo[39m] [Single doctor info fetched successfully]
[01:12:06] [[32minfo[39m] [Single doctor info fetched successfully]
[01:12:17] [[32minfo[39m] [User logged in successfully]
[01:12:18] [[32minfo[39m] [List of doctors fetched successfully]
[01:12:19] [[32minfo[39m] [List of doctors fetched successfully]
[01:12:19] [[32minfo[39m] [User authentication successful]
[01:12:19] [[32minfo[39m] [User authentication successful]
[01:12:19] [[32minfo[39m] [List of doctors fetched successfully]
[01:12:19] [[32minfo[39m] [List of doctors fetched successfully]
[01:12:19] [[32minfo[39m] [List of doctors fetched successfully]
[01:12:27] [[32minfo[39m] [List of doctors fetched successfully]
[01:12:27] [[32minfo[39m] [User authentication successful]
[01:12:27] [[32minfo[39m] [User authentication successful]
[01:12:27] [[32minfo[39m] [List of doctors fetched successfully]
[01:12:28] [[32minfo[39m] [List of doctors fetched successfully]
[01:12:28] [[32minfo[39m] [List of doctors fetched successfully]
[01:12:36] [[32minfo[39m] [User appointments fetched successfully]
[01:12:36] [[32minfo[39m] [User appointments fetched successfully]
[01:12:38] [[32minfo[39m] [List of doctors fetched successfully]
[01:12:39] [[32minfo[39m] [List of doctors fetched successfully]
[01:12:48] [[32minfo[39m] [List of doctors fetched successfully]
[01:12:48] [[32minfo[39m] [List of doctors fetched successfully]
[01:12:50] [[32minfo[39m] [Single doctor info fetched successfully]
[01:12:51] [[32minfo[39m] [Single doctor info fetched successfully]
[01:12:54] [[32minfo[39m] [User appointments fetched successfully]
[01:12:54] [[32minfo[39m] [User appointments fetched successfully]
[01:13:26] [[32minfo[39m] [Doctor application submitted successfully]
[01:13:27] [[32minfo[39m] [List of doctors fetched successfully]
[01:13:27] [[32minfo[39m] [List of doctors fetched successfully]
[01:13:31] [[32minfo[39m] [User appointments fetched successfully]
[01:13:32] [[32minfo[39m] [User appointments fetched successfully]
[01:13:45] [[32minfo[39m] [User logged in successfully]
[01:13:45] [[32minfo[39m] [List of doctors fetched successfully]
[01:13:47] [[32minfo[39m] [List of doctors fetched successfully]
[01:13:47] [[32minfo[39m] [User authentication successful]
[01:13:47] [[32minfo[39m] [User authentication successful]
[01:13:47] [[32minfo[39m] [List of doctors fetched successfully]
[01:13:48] [[32minfo[39m] [List of doctors fetched successfully]
[01:13:48] [[32minfo[39m] [List of doctors fetched successfully]
[01:13:51] [[32minfo[39m] [Retrieved all users successfully.]
[01:13:51] [[32minfo[39m] [Retrieved all users successfully.]
[01:13:54] [[32minfo[39m] [Retrieved all doctors successfully.]
[01:13:55] [[32minfo[39m] [Retrieved all doctors successfully.]
[01:13:56] [[32minfo[39m] [Account status updated successfully.]
[01:13:57] [[32minfo[39m] [Retrieved all doctors successfully.]
[01:13:57] [[32minfo[39m] [User authentication successful]
[01:13:58] [[32minfo[39m] [User authentication successful]
[01:13:58] [[32minfo[39m] [Retrieved all doctors successfully.]
[01:13:58] [[32minfo[39m] [Retrieved all doctors successfully.]
[01:13:58] [[32minfo[39m] [Retrieved all doctors successfully.]
[01:14:07] [[32minfo[39m] [User logged in successfully]
[01:14:07] [[32minfo[39m] [List of doctors fetched successfully]
[01:14:08] [[32minfo[39m] [List of doctors fetched successfully]
[01:14:08] [[32minfo[39m] [User authentication successful]
[01:14:08] [[32minfo[39m] [User authentication successful]
[01:14:08] [[32minfo[39m] [List of doctors fetched successfully]
[01:14:08] [[32minfo[39m] [List of doctors fetched successfully]
[01:14:09] [[32minfo[39m] [List of doctors fetched successfully]
[01:14:11] [[32minfo[39m] [Doctor appointments fetched successfully]
[01:14:11] [[32minfo[39m] [Doctor appointments fetched successfully]
[01:14:15] [[32minfo[39m] [Appointment status updated successfully]
[01:14:15] [[32minfo[39m] [Doctor appointments fetched successfully]
[01:14:27] [[32minfo[39m] [User logged in successfully]
[01:14:27] [[32minfo[39m] [List of doctors fetched successfully]
[01:14:28] [[32minfo[39m] [List of doctors fetched successfully]
[01:14:28] [[32minfo[39m] [User authentication successful]
[01:14:28] [[32minfo[39m] [User authentication successful]
[01:14:28] [[32minfo[39m] [List of doctors fetched successfully]
[01:14:28] [[32minfo[39m] [List of doctors fetched successfully]
[01:14:29] [[32minfo[39m] [List of doctors fetched successfully]
[01:14:31] [[32minfo[39m] [Doctor appointments fetched successfully]
[01:14:31] [[32minfo[39m] [Doctor appointments fetched successfully]
[01:14:42] [[32minfo[39m] [Doctor appointments fetched successfully]
[01:14:43] [[32minfo[39m] [Doctor appointments fetched successfully]
[01:14:45] [[32minfo[39m] [Doctor appointments fetched successfully]
[01:14:46] [[32minfo[39m] [User authentication successful]
[01:14:46] [[32minfo[39m] [User authentication successful]
[01:14:46] [[32minfo[39m] [Doctor appointments fetched successfully]
[01:14:46] [[32minfo[39m] [Doctor appointments fetched successfully]
[01:14:46] [[32minfo[39m] [Doctor appointments fetched successfully]
[01:15:02] [[32minfo[39m] [Invalid Email or Password]
[01:15:23] [[32minfo[39m] [Invalid Email or Password]
[01:15:34] [[32minfo[39m] [User not found]
[01:15:49] [[32minfo[39m] [User registered successfully]
[01:15:56] [[32minfo[39m] [Invalid Email or Password]
[01:16:03] [[32minfo[39m] [User logged in successfully]
[01:16:04] [[32minfo[39m] [User authentication successful]
[01:16:04] [[32minfo[39m] [User authentication successful]
[01:16:04] [[32minfo[39m] [List of doctors fetched successfully]
[01:16:05] [[32minfo[39m] [User authentication successful]
[01:16:05] [[32minfo[39m] [User authentication successful]
[01:16:05] [[32minfo[39m] [List of doctors fetched successfully]
[01:16:05] [[32minfo[39m] [List of doctors fetched successfully]
[01:16:05] [[32minfo[39m] [List of doctors fetched successfully]
[01:16:06] [[32minfo[39m] [List of doctors fetched successfully]
[01:16:09] [[32minfo[39m] [Single doctor info fetched successfully]
[01:16:09] [[32minfo[39m] [Single doctor info fetched successfully]
[01:16:17] [[32minfo[39m] [Appointment booked successfully]
[01:16:18] [[32minfo[39m] [Single doctor info fetched successfully]
[01:16:18] [[32minfo[39m] [Single doctor info fetched successfully]
[01:16:33] [[32minfo[39m] [User logged in successfully]
[01:16:34] [[32minfo[39m] [List of doctors fetched successfully]
[01:16:35] [[32minfo[39m] [List of doctors fetched successfully]
[01:16:35] [[32minfo[39m] [User authentication successful]
[01:16:35] [[32minfo[39m] [User authentication successful]
[01:16:35] [[32minfo[39m] [List of doctors fetched successfully]
[01:16:35] [[32minfo[39m] [List of doctors fetched successfully]
[01:16:35] [[32minfo[39m] [List of doctors fetched successfully]
[01:16:39] [[32minfo[39m] [Doctor appointments fetched successfully]
[01:16:39] [[32minfo[39m] [Doctor appointments fetched successfully]
[01:16:40] [[32minfo[39m] [Appointment status updated successfully]
[01:16:41] [[32minfo[39m] [Doctor appointments fetched successfully]
[01:16:49] [[32minfo[39m] [User logged in successfully]
[01:16:50] [[32minfo[39m] [List of doctors fetched successfully]
[01:16:50] [[32minfo[39m] [List of doctors fetched successfully]
[01:16:50] [[32minfo[39m] [User authentication successful]
[01:16:51] [[32minfo[39m] [User authentication successful]
[01:16:51] [[32minfo[39m] [List of doctors fetched successfully]
[01:16:51] [[32minfo[39m] [List of doctors fetched successfully]
[01:16:51] [[32minfo[39m] [List of doctors fetched successfully]
[01:16:52] [[32minfo[39m] [User appointments fetched successfully]
[01:16:52] [[32minfo[39m] [User appointments fetched successfully]
[01:26:20] [[32minfo[39m] [List of doctors fetched successfully]
[01:26:21] [[32minfo[39m] [User authentication successful]
[01:26:21] [[32minfo[39m] [User authentication successful]
[01:26:21] [[32minfo[39m] [List of doctors fetched successfully]
[01:26:22] [[32minfo[39m] [List of doctors fetched successfully]
[01:26:22] [[32minfo[39m] [List of doctors fetched successfully]
[01:26:23] [[32minfo[39m] [Single doctor info fetched successfully]
[01:26:23] [[32minfo[39m] [Single doctor info fetched successfully]
[01:26:30] [[32minfo[39m] [Error in Booking Appointment Controller: appointments validation failed: time: Path `time` is required.]
[01:26:31] [[32minfo[39m] [Single doctor info fetched successfully]
[01:26:31] [[32minfo[39m] [Single doctor info fetched successfully]
[01:26:39] [[32minfo[39m] [Appointment booked successfully]
[01:26:39] [[32minfo[39m] [Single doctor info fetched successfully]
[01:26:39] [[32minfo[39m] [Single doctor info fetched successfully]
[01:26:47] [[32minfo[39m] [Single doctor info fetched successfully]
[01:26:47] [[32minfo[39m] [Single doctor info fetched successfully]
[01:26:50] [[32minfo[39m] [Single doctor info fetched successfully]
[01:26:50] [[32minfo[39m] [Single doctor info fetched successfully]
